<?xml version="1.0" encoding="UTF-8"?>
<testsuite name="com.aor.numbers.ListDeduplicatorTest" tests="2" skipped="0" failures="0" errors="0" timestamp="2023-10-26T11:01:51" hostname="DAVID" time="0.013">
  <properties/>
  <testcase name="deduplicate()" classname="com.aor.numbers.ListDeduplicatorTest" time="0.012"/>
  <testcase name="bug_deduplicate_8726()" classname="com.aor.numbers.ListDeduplicatorTest" time="0.001"/>
  <system-out><![CDATA[]]></system-out>
  <system-err><![CDATA[]]></system-err>
</testsuite>
