<?xml version="1.0" encoding="UTF-8"?>
<testsuite name="com.aor.numbers.PositiveFilterTest" tests="1" skipped="0" failures="0" errors="0" timestamp="2023-10-26T11:01:51" hostname="DAVID" time="0.001">
  <properties/>
  <testcase name="accept()" classname="com.aor.numbers.PositiveFilterTest" time="0.001"/>
  <system-out><![CDATA[]]></system-out>
  <system-err><![CDATA[]]></system-err>
</testsuite>
